Build started 9/4/2019 8:21:27 PM.
     1>Project "C:\Users\PANACHAITECHAPHAISAL\documents\visual studio 2010\Projects\Array\Array\Array.vcxproj" on node 2 (build target(s)).
     1>InitializeBuildStatus:
         Creating "Debug\Array.unsuccessfulbuild" because "AlwaysCreate" was specified.
       ClCompile:
         c:\Program Files (x86)\Microsoft Visual Studio 10.0\VC\bin\CL.exe /c /ZI /nologo /W3 /WX- /Od /Oy- /D WIN32 /D _DEBUG /D _CONSOLE /D _UNICODE /D UNICODE /Gm /EHsc /RTC1 /MDd /GS /fp:precise /Zc:wchar_t /Zc:forScope /Fo"Debug\\" /Fd"Debug\vc100.pdb" /Gd /TP /analyze- /errorReport:prompt array.cpp
         array.cpp
       ManifestResourceCompile:
         All outputs are up-to-date.
       Link:
         c:\Program Files (x86)\Microsoft Visual Studio 10.0\VC\bin\link.exe /ERRORREPORT:PROMPT /OUT:"C:\Users\PANACHAITECHAPHAISAL\documents\visual studio 2010\Projects\Array\Debug\Array.exe" /INCREMENTAL /NOLOGO kernel32.lib user32.lib gdi32.lib winspool.lib comdlg32.lib advapi32.lib shell32.lib ole32.lib oleaut32.lib uuid.lib odbc32.lib odbccp32.lib /MANIFEST /ManifestFile:"Debug\Array.exe.intermediate.manifest" /MANIFESTUAC:"level='asInvoker' uiAccess='false'" /DEBUG /PDB:"C:\Users\PANACHAITECHAPHAISAL\documents\visual studio 2010\Projects\Array\Debug\Array.pdb" /SUBSYSTEM:CONSOLE /TLBID:1 /DYNAMICBASE /NXCOMPAT /IMPLIB:"C:\Users\PANACHAITECHAPHAISAL\documents\visual studio 2010\Projects\Array\Debug\Array.lib" /MACHINE:X86 Debug\Array.exe.embed.manifest.res
         Debug\array.obj
       Manifest:
         c:\Program Files (x86)\Microsoft SDKs\Windows\v7.0A\bin\mt.exe /nologo /verbose /out:"Debug\Array.exe.embed.manifest" /manifest Debug\Array.exe.intermediate.manifest
         All outputs are up-to-date.
       LinkEmbedManifest:
         All outputs are up-to-date.
         Array.vcxproj -> C:\Users\PANACHAITECHAPHAISAL\documents\visual studio 2010\Projects\Array\Debug\Array.exe
       FinalizeBuildStatus:
         Deleting file "Debug\Array.unsuccessfulbuild".
         Touching "Debug\Array.lastbuildstate".
     1>Done Building Project "C:\Users\PANACHAITECHAPHAISAL\documents\visual studio 2010\Projects\Array\Array\Array.vcxproj" (build target(s)).

Build succeeded.

Time Elapsed 00:00:01.72
